[35m[Appium][39m Welcome to Appium v1.22.3
[35m[Appium][39m Non-default server args:
[35m[Appium][39m   port: 50742
[35m[Appium][39m   loglevel: info
[35m[Appium][39m   tmpDir: C:\Users\abdul\AppData\Local\Temp\\Katalon\Appium\Temp1685191532264
[35m[Appium][39m   chromedriverPort: 50743
[35m[Appium][39m Deprecated server args:
[35m[Appium][39m   [31m--chromedriver-port[39m => --default-capabilities
[35m[Appium][39m Default capabilities, which will be added to each request unless overridden by desired capabilities:
[35m[Appium][39m   chromedriverPort: 50743
[35m[Appium][39m Appium REST http interface listener started on 0.0.0.0:50742
[35m[HTTP][39m [37m-->[39m [37mGET[39m [37m/wd/hub/status[39m
[35m[HTTP][39m [90m{}[39m
[35m[HTTP][39m [37m<-- GET /wd/hub/status [39m[32m200[39m [90m5 ms - 68[39m
[35m[HTTP][39m [90m[39m
[35m[HTTP][39m [37m-->[39m [37mGET[39m [37m/wd/hub/status[39m
[35m[HTTP][39m [90m{}[39m
[35m[HTTP][39m [37m<-- GET /wd/hub/status [39m[32m200[39m [90m1 ms - 68[39m
[35m[HTTP][39m [90m[39m
[35m[HTTP][39m [37m-->[39m [37mPOST[39m [37m/wd/hub/session[39m
[35m[HTTP][39m [90m{"desiredCapabilities":{"appActivity":".Settings","appPackage":"com.android.settings","newCommandTimeout":1800,"platformVersion":"12","automationName":"uiautomator2","autoGrantPermissions":true,"platformName":"Android","udid":"a1e35338","deviceName":"Xiaomi 220333QAG (Android 12)","platform":"ANDROID","systemPort":8269},"capabilities":{"firstMatch":[{"appium:appActivity":".Settings","appium:appPackage":"com.android.settings","appium:autoGrantPermissions":true,"appium:automationName":"uiautomator2","appium:deviceName":"Xiaomi 220333QAG (Android 12)","appium:newCommandTimeout":1800,"platform":"ANDROID","platformName":"android","appium:platformVersion":"12","appium:systemPort":8269,"appium:udid":"a1e35338"}]}}[39m
[35m[BaseDriver][39m The following capabilities are not standard capabilities and should have an extension prefix:
[35m[BaseDriver][39m   platform
[35m[BaseDriver][39m   chromedriverPort
[35m[Appium][39m Appium v1.22.3 creating new AndroidUiautomator2Driver (v1.70.1) session
[35m[BaseDriver][39m The following capabilities were provided, but are not recognized by Appium:
[35m[BaseDriver][39m   platform
[35m[BaseDriver][39m Session created with session id: 7afec7c5-6fd1-4d4f-a75e-48283f168709
[35m[UiAutomator2][39m Starting 'com.android.settings' directly on the device
[35m[ADB][39m Found 1 'build-tools' folders under 'C:\Users\abdul\.katalon\tools\android_sdk' (newest first):
[35m[ADB][39m     C:/Users/abdul/.katalon/tools/android_sdk/build-tools/29.0.3
[35m[ADB][39m Using 'adb.exe' from 'C:\Users\abdul\.katalon\tools\android_sdk\platform-tools\adb.exe'
[35m[AndroidDriver][39m Retrieving device list
[35m[AndroidDriver][39m Using device: a1e35338
[35m[ADB][39m Using 'adb.exe' from 'C:\Users\abdul\.katalon\tools\android_sdk\platform-tools\adb.exe'
[35m[ADB][39m Getting device platform version
[35m[UiAutomator2][39m Relaxing hidden api policy
[35m[AndroidDriver][39m No app sent in, not parsing package/activity
[35m[ADB][39m Using 'apksigner.jar' from 'C:\Users\abdul\.katalon\tools\android_sdk\build-tools\29.0.3\lib\apksigner.jar'
[35m[ADB][39m 'C:\Users\abdul\AppData\Roaming\npm\node_modules\appium\node_modules\appium-uiautomator2-server\apks\appium-uiautomator2-server-v4.27.0.apk' is signed with the default certificate
[35m[ADB][39m 'C:\Users\abdul\AppData\Roaming\npm\node_modules\appium\node_modules\appium-uiautomator2-server\apks\appium-uiautomator2-server-debug-androidTest.apk' is signed with the default certificate
[35m[UiAutomator2][39m Server packages are not going to be (re)installed
[35m[ADB][39m Adding packages ["io.appium.settings","io.appium.uiautomator2.server","io.appium.uiautomator2.server.test"] to Doze whitelist
[35m[UiAutomator2][39m Starting UIAutomator2 server 4.27.0
[35m[UiAutomator2][39m Using UIAutomator2 server from 'C:\Users\abdul\AppData\Roaming\npm\node_modules\appium\node_modules\appium-uiautomator2-server\apks\appium-uiautomator2-server-v4.27.0.apk' and test from 'C:\Users\abdul\AppData\Roaming\npm\node_modules\appium\node_modules\appium-uiautomator2-server\apks\appium-uiautomator2-server-debug-androidTest.apk'
[35m[UiAutomator2][39m Waiting up to 30000ms for UiAutomator2 to be online...
[35m[WD Proxy][39m socket hang up
[35m[WD Proxy][39m socket hang up
[35m[WD Proxy][39m socket hang up
[35m[WD Proxy][39m socket hang up
[35m[WD Proxy][39m socket hang up
[35m[WD Proxy][39m socket hang up
[35m[WD Proxy][39m socket hang up
[35m[WD Proxy][39m Determined the downstream protocol as 'W3C'
[35m[AndroidDriver][39m Screen already unlocked, doing nothing
[35m[UiAutomator2][39m Starting 'com.android.settings/.Settings and waiting for 'com.android.settings/.Settings'
[35m[Appium][39m New AndroidUiautomator2Driver session created successfully, session 7afec7c5-6fd1-4d4f-a75e-48283f168709 added to master session list
[35m[HTTP][39m [37m<-- POST /wd/hub/session [39m[32m200[39m [90m15353 ms - 1140[39m
[35m[HTTP][39m [90m[39m
[35m[HTTP][39m [37m-->[39m [37mGET[39m [37m/wd/hub/session/7afec7c5-6fd1-4d4f-a75e-48283f168709[39m
[35m[HTTP][39m [90m{}[39m
[35m[HTTP][39m [37m<-- GET /wd/hub/session/7afec7c5-6fd1-4d4f-a75e-48283f168709 [39m[32m200[39m [90m15 ms - 1094[39m
[35m[HTTP][39m [90m[39m
[35m[HTTP][39m [37m-->[39m [37mGET[39m [37m/wd/hub/session/7afec7c5-6fd1-4d4f-a75e-48283f168709[39m
[35m[HTTP][39m [90m{}[39m
[35m[HTTP][39m [37m<-- GET /wd/hub/session/7afec7c5-6fd1-4d4f-a75e-48283f168709 [39m[32m200[39m [90m9 ms - 1094[39m
[35m[HTTP][39m [90m[39m
[35m[HTTP][39m [37m-->[39m [37mGET[39m [37m/wd/hub/status[39m
[35m[HTTP][39m [90m{}[39m
[35m[HTTP][39m [37m<-- GET /wd/hub/status [39m[32m200[39m [90m1 ms - 68[39m
[35m[HTTP][39m [90m[39m
[35m[HTTP][39m [37m-->[39m [37mPOST[39m [37m/wd/hub/session/7afec7c5-6fd1-4d4f-a75e-48283f168709/timeouts[39m
[35m[HTTP][39m [90m{"implicit":60000}[39m
[35m[HTTP][39m [37m<-- POST /wd/hub/session/7afec7c5-6fd1-4d4f-a75e-48283f168709/timeouts [39m[32m200[39m [90m10 ms - 14[39m
[35m[HTTP][39m [90m[39m
[35m[HTTP][39m [37m-->[39m [37mGET[39m [37m/wd/hub/session/7afec7c5-6fd1-4d4f-a75e-48283f168709/screenshot[39m
[35m[HTTP][39m [90m{}[39m
[35m[HTTP][39m [37m<-- GET /wd/hub/session/7afec7c5-6fd1-4d4f-a75e-48283f168709/screenshot [39m[32m200[39m [90m338 ms - 136456[39m
[35m[HTTP][39m [90m[39m
[35m[HTTP][39m [37m-->[39m [37mGET[39m [37m/wd/hub/session/7afec7c5-6fd1-4d4f-a75e-48283f168709/window/rect[39m
[35m[HTTP][39m [90m{}[39m
[35m[HTTP][39m [37m<-- GET /wd/hub/session/7afec7c5-6fd1-4d4f-a75e-48283f168709/window/rect [39m[32m200[39m [90m21 ms - 49[39m
[35m[HTTP][39m [90m[39m
[35m[HTTP][39m [37m-->[39m [37mGET[39m [37m/wd/hub/session/7afec7c5-6fd1-4d4f-a75e-48283f168709/appium/device/system_bars[39m
[35m[HTTP][39m [90m{}[39m
[35m[HTTP][39m [37m<-- GET /wd/hub/session/7afec7c5-6fd1-4d4f-a75e-48283f168709/appium/device/system_bars [39m[32m200[39m [90m67 ms - 145[39m
[35m[HTTP][39m [90m[39m
[35m[HTTP][39m [37m-->[39m [37mPOST[39m [37m/wd/hub/session/7afec7c5-6fd1-4d4f-a75e-48283f168709/appium/device/activate_app[39m
[35m[HTTP][39m [90m{"bundleId":"com.socialnmobile.dictapps.notepad.color.note"}[39m
[35m[HTTP][39m [37m<-- POST /wd/hub/session/7afec7c5-6fd1-4d4f-a75e-48283f168709/appium/device/activate_app [39m[32m200[39m [90m4085 ms - 14[39m
[35m[HTTP][39m [90m[39m
[35m[HTTP][39m [37m-->[39m [37mGET[39m [37m/wd/hub/session/7afec7c5-6fd1-4d4f-a75e-48283f168709/source[39m
[35m[HTTP][39m [90m{}[39m
[35m[W3C (7afec7c5)][39m Driver proxy active, passing request on via HTTP proxy
[35m[WD Proxy][39m Replacing sessionId 270e2190-bf9d-468b-ae5a-15c60910ed06 with 7afec7c5-6fd1-4d4f-a75e-48283f168709
[35m[HTTP][39m [37m<-- GET /wd/hub/session/7afec7c5-6fd1-4d4f-a75e-48283f168709/source [39m[32m200[39m [90m948 ms - 46603[39m
[35m[HTTP][39m [90m[39m
[35m[HTTP][39m [37m-->[39m [37mGET[39m [37m/wd/hub/session/7afec7c5-6fd1-4d4f-a75e-48283f168709/screenshot[39m
[35m[HTTP][39m [90m{}[39m
[35m[HTTP][39m [37m<-- GET /wd/hub/session/7afec7c5-6fd1-4d4f-a75e-48283f168709/screenshot [39m[32m200[39m [90m357 ms - 211446[39m
[35m[HTTP][39m [90m[39m
[35m[HTTP][39m [37m-->[39m [37mPOST[39m [37m/wd/hub/session/7afec7c5-6fd1-4d4f-a75e-48283f168709/elements[39m
[35m[HTTP][39m [90m{"using":"xpath","value":"//*[@class = 'android.widget.TextView' and (@text = 'Text Note for Edit 6337' or . = 'Text Note for Edit 6337') and @resource-id = 'com.socialnmobile.dictapps.notepad.color.note:id/title']"}[39m
[35m[HTTP][39m [37m<-- POST /wd/hub/session/7afec7c5-6fd1-4d4f-a75e-48283f168709/elements [39m[32m200[39m [90m1065 ms - 139[39m
[35m[HTTP][39m [90m[39m
[35m[HTTP][39m [37m-->[39m [37mGET[39m [37m/wd/hub/session/7afec7c5-6fd1-4d4f-a75e-48283f168709/window/rect[39m
[35m[HTTP][39m [90m{}[39m
[35m[HTTP][39m [37m<-- GET /wd/hub/session/7afec7c5-6fd1-4d4f-a75e-48283f168709/window/rect [39m[32m200[39m [90m30 ms - 49[39m
[35m[HTTP][39m [90m[39m
[35m[HTTP][39m [37m-->[39m [37mPOST[39m [37m/wd/hub/session/7afec7c5-6fd1-4d4f-a75e-48283f168709/elements[39m
[35m[HTTP][39m [90m{"using":"xpath","value":"//*[@class = 'android.widget.TextView' and (@text = 'Text Note for Edit 6337' or . = 'Text Note for Edit 6337') and @resource-id = 'com.socialnmobile.dictapps.notepad.color.note:id/title']"}[39m
[35m[HTTP][39m [37m<-- POST /wd/hub/session/7afec7c5-6fd1-4d4f-a75e-48283f168709/elements [39m[32m200[39m [90m727 ms - 139[39m
[35m[HTTP][39m [90m[39m
[35m[HTTP][39m [37m-->[39m [37mGET[39m [37m/wd/hub/session/7afec7c5-6fd1-4d4f-a75e-48283f168709/element/00000000-0000-1242-ffff-ffff0000007f/location[39m
[35m[HTTP][39m [90m{}[39m
[35m[W3C (7afec7c5)][39m Driver proxy active, passing request on via HTTP proxy
[35m[WD Proxy][39m Replacing sessionId 270e2190-bf9d-468b-ae5a-15c60910ed06 with 7afec7c5-6fd1-4d4f-a75e-48283f168709
[35m[HTTP][39m [37m<-- GET /wd/hub/session/7afec7c5-6fd1-4d4f-a75e-48283f168709/element/00000000-0000-1242-ffff-ffff0000007f/location [39m[32m200[39m [90m38 ms - 77[39m
[35m[HTTP][39m [90m[39m
[35m[HTTP][39m [37m-->[39m [37mPOST[39m [37m/wd/hub/session/7afec7c5-6fd1-4d4f-a75e-48283f168709/element/00000000-0000-1242-ffff-ffff0000007f/click[39m
[35m[HTTP][39m [90m{"id":"00000000-0000-1242-ffff-ffff0000007f"}[39m
[35m[HTTP][39m [37m<-- POST /wd/hub/session/7afec7c5-6fd1-4d4f-a75e-48283f168709/element/00000000-0000-1242-ffff-ffff0000007f/click [39m[32m200[39m [90m709 ms - 14[39m
[35m[HTTP][39m [90m[39m
[35m[HTTP][39m [37m-->[39m [37mGET[39m [37m/wd/hub/session/7afec7c5-6fd1-4d4f-a75e-48283f168709/source[39m
[35m[HTTP][39m [90m{}[39m
[35m[W3C (7afec7c5)][39m Driver proxy active, passing request on via HTTP proxy
[35m[WD Proxy][39m Replacing sessionId 270e2190-bf9d-468b-ae5a-15c60910ed06 with 7afec7c5-6fd1-4d4f-a75e-48283f168709
[35m[HTTP][39m [37m<-- GET /wd/hub/session/7afec7c5-6fd1-4d4f-a75e-48283f168709/source [39m[32m200[39m [90m172 ms - 11285[39m
[35m[HTTP][39m [90m[39m
[35m[HTTP][39m [37m-->[39m [37mGET[39m [37m/wd/hub/session/7afec7c5-6fd1-4d4f-a75e-48283f168709/screenshot[39m
[35m[HTTP][39m [90m{}[39m
[35m[HTTP][39m [37m<-- GET /wd/hub/session/7afec7c5-6fd1-4d4f-a75e-48283f168709/screenshot [39m[32m200[39m [90m677 ms - 67684[39m
[35m[HTTP][39m [90m[39m
[35m[HTTP][39m [37m-->[39m [37mPOST[39m [37m/wd/hub/session/7afec7c5-6fd1-4d4f-a75e-48283f168709/elements[39m
[35m[HTTP][39m [90m{"using":"xpath","value":"//*[@class = 'android.widget.ImageButton' and @resource-id = 'com.socialnmobile.dictapps.notepad.color.note:id/edit_btn' and (@text = '' or . = '')]"}[39m
[35m[HTTP][39m [37m<-- POST /wd/hub/session/7afec7c5-6fd1-4d4f-a75e-48283f168709/elements [39m[32m200[39m [90m290 ms - 139[39m
[35m[HTTP][39m [90m[39m
[35m[HTTP][39m [37m-->[39m [37mGET[39m [37m/wd/hub/session/7afec7c5-6fd1-4d4f-a75e-48283f168709/window/rect[39m
[35m[HTTP][39m [90m{}[39m
[35m[HTTP][39m [37m<-- GET /wd/hub/session/7afec7c5-6fd1-4d4f-a75e-48283f168709/window/rect [39m[32m200[39m [90m28 ms - 49[39m
[35m[HTTP][39m [90m[39m
[35m[HTTP][39m [37m-->[39m [37mPOST[39m [37m/wd/hub/session/7afec7c5-6fd1-4d4f-a75e-48283f168709/elements[39m
[35m[HTTP][39m [90m{"using":"xpath","value":"//*[@class = 'android.widget.ImageButton' and @resource-id = 'com.socialnmobile.dictapps.notepad.color.note:id/edit_btn' and (@text = '' or . = '')]"}[39m
[35m[HTTP][39m [37m<-- POST /wd/hub/session/7afec7c5-6fd1-4d4f-a75e-48283f168709/elements [39m[32m200[39m [90m282 ms - 139[39m
[35m[HTTP][39m [90m[39m
[35m[HTTP][39m [37m-->[39m [37mGET[39m [37m/wd/hub/session/7afec7c5-6fd1-4d4f-a75e-48283f168709/element/00000000-0000-1243-ffff-ffff000000fe/location[39m
[35m[HTTP][39m [90m{}[39m
[35m[W3C (7afec7c5)][39m Driver proxy active, passing request on via HTTP proxy
[35m[WD Proxy][39m Replacing sessionId 270e2190-bf9d-468b-ae5a-15c60910ed06 with 7afec7c5-6fd1-4d4f-a75e-48283f168709
[35m[HTTP][39m [37m<-- GET /wd/hub/session/7afec7c5-6fd1-4d4f-a75e-48283f168709/element/00000000-0000-1243-ffff-ffff000000fe/location [39m[32m200[39m [90m45 ms - 77[39m
[35m[HTTP][39m [90m[39m
[35m[HTTP][39m [37m-->[39m [37mPOST[39m [37m/wd/hub/session/7afec7c5-6fd1-4d4f-a75e-48283f168709/element/00000000-0000-1243-ffff-ffff000000fe/click[39m
[35m[HTTP][39m [90m{"id":"00000000-0000-1243-ffff-ffff000000fe"}[39m
[35m[HTTP][39m [37m<-- POST /wd/hub/session/7afec7c5-6fd1-4d4f-a75e-48283f168709/element/00000000-0000-1243-ffff-ffff000000fe/click [39m[32m200[39m [90m108 ms - 14[39m
[35m[HTTP][39m [90m[39m
[35m[HTTP][39m [37m-->[39m [37mGET[39m [37m/wd/hub/session/7afec7c5-6fd1-4d4f-a75e-48283f168709/source[39m
[35m[HTTP][39m [90m{}[39m
[35m[W3C (7afec7c5)][39m Driver proxy active, passing request on via HTTP proxy
[35m[WD Proxy][39m Replacing sessionId 270e2190-bf9d-468b-ae5a-15c60910ed06 with 7afec7c5-6fd1-4d4f-a75e-48283f168709
[35m[HTTP][39m [37m<-- GET /wd/hub/session/7afec7c5-6fd1-4d4f-a75e-48283f168709/source [39m[32m200[39m [90m755 ms - 14599[39m
[35m[HTTP][39m [90m[39m
[35m[HTTP][39m [37m-->[39m [37mGET[39m [37m/wd/hub/session/7afec7c5-6fd1-4d4f-a75e-48283f168709/screenshot[39m
[35m[HTTP][39m [90m{}[39m
[35m[HTTP][39m [37m<-- GET /wd/hub/session/7afec7c5-6fd1-4d4f-a75e-48283f168709/screenshot [39m[32m200[39m [90m1129 ms - 140716[39m
[35m[HTTP][39m [90m[39m
[35m[HTTP][39m [37m-->[39m [37mPOST[39m [37m/wd/hub/session/7afec7c5-6fd1-4d4f-a75e-48283f168709/elements[39m
[35m[HTTP][39m [90m{"using":"xpath","value":"//*[@class = 'android.widget.EditText' and (@text = 'Please edit text' or . = 'Please edit text') and @resource-id = 'com.socialnmobile.dictapps.notepad.color.note:id/edit_note']"}[39m
[35m[HTTP][39m [37m<-- POST /wd/hub/session/7afec7c5-6fd1-4d4f-a75e-48283f168709/elements [39m[32m200[39m [90m339 ms - 139[39m
[35m[HTTP][39m [90m[39m
[35m[HTTP][39m [37m-->[39m [37mGET[39m [37m/wd/hub/session/7afec7c5-6fd1-4d4f-a75e-48283f168709/window/rect[39m
[35m[HTTP][39m [90m{}[39m
[35m[HTTP][39m [37m<-- GET /wd/hub/session/7afec7c5-6fd1-4d4f-a75e-48283f168709/window/rect [39m[32m200[39m [90m28 ms - 49[39m
[35m[HTTP][39m [90m[39m
[35m[HTTP][39m [37m-->[39m [37mPOST[39m [37m/wd/hub/session/7afec7c5-6fd1-4d4f-a75e-48283f168709/elements[39m
[35m[HTTP][39m [90m{"using":"xpath","value":"//*[@class = 'android.widget.EditText' and (@text = 'Please edit text' or . = 'Please edit text') and @resource-id = 'com.socialnmobile.dictapps.notepad.color.note:id/edit_note']"}[39m
[35m[HTTP][39m [37m<-- POST /wd/hub/session/7afec7c5-6fd1-4d4f-a75e-48283f168709/elements [39m[32m200[39m [90m297 ms - 139[39m
[35m[HTTP][39m [90m[39m
[35m[HTTP][39m [37m-->[39m [37mGET[39m [37m/wd/hub/session/7afec7c5-6fd1-4d4f-a75e-48283f168709/element/00000000-0000-1243-ffff-ffff0000010d/location[39m
[35m[HTTP][39m [90m{}[39m
[35m[W3C (7afec7c5)][39m Driver proxy active, passing request on via HTTP proxy
[35m[WD Proxy][39m Replacing sessionId 270e2190-bf9d-468b-ae5a-15c60910ed06 with 7afec7c5-6fd1-4d4f-a75e-48283f168709
[35m[HTTP][39m [37m<-- GET /wd/hub/session/7afec7c5-6fd1-4d4f-a75e-48283f168709/element/00000000-0000-1243-ffff-ffff0000010d/location [39m[32m200[39m [90m52 ms - 76[39m
[35m[HTTP][39m [90m[39m
[35m[HTTP][39m [37m-->[39m [37mPOST[39m [37m/wd/hub/session/7afec7c5-6fd1-4d4f-a75e-48283f168709/element/00000000-0000-1243-ffff-ffff0000010d/clear[39m
[35m[HTTP][39m [90m{"id":"00000000-0000-1243-ffff-ffff0000010d"}[39m
[35m[HTTP][39m [37m<-- POST /wd/hub/session/7afec7c5-6fd1-4d4f-a75e-48283f168709/element/00000000-0000-1243-ffff-ffff0000010d/clear [39m[32m200[39m [90m62 ms - 14[39m
[35m[HTTP][39m [90m[39m
[35m[HTTP][39m [37m-->[39m [37mGET[39m [37m/wd/hub/session/7afec7c5-6fd1-4d4f-a75e-48283f168709/source[39m
[35m[HTTP][39m [90m{}[39m
[35m[W3C (7afec7c5)][39m Driver proxy active, passing request on via HTTP proxy
[35m[WD Proxy][39m Replacing sessionId 270e2190-bf9d-468b-ae5a-15c60910ed06 with 7afec7c5-6fd1-4d4f-a75e-48283f168709
[35m[HTTP][39m [37m<-- GET /wd/hub/session/7afec7c5-6fd1-4d4f-a75e-48283f168709/source [39m[32m200[39m [90m147 ms - 14582[39m
[35m[HTTP][39m [90m[39m
[35m[HTTP][39m [37m-->[39m [37mGET[39m [37m/wd/hub/session/7afec7c5-6fd1-4d4f-a75e-48283f168709/screenshot[39m
[35m[HTTP][39m [90m{}[39m
[35m[HTTP][39m [37m<-- GET /wd/hub/session/7afec7c5-6fd1-4d4f-a75e-48283f168709/screenshot [39m[32m200[39m [90m710 ms - 134284[39m
[35m[HTTP][39m [90m[39m
[35m[HTTP][39m [37m-->[39m [37mPOST[39m [37m/wd/hub/session/7afec7c5-6fd1-4d4f-a75e-48283f168709/elements[39m
[35m[HTTP][39m [90m{"using":"xpath","value":"//*[@class = 'android.widget.EditText' and @resource-id = 'com.socialnmobile.dictapps.notepad.color.note:id/edit_note' and (@text = '' or . = '')]"}[39m
[35m[HTTP][39m [37m<-- POST /wd/hub/session/7afec7c5-6fd1-4d4f-a75e-48283f168709/elements [39m[32m200[39m [90m344 ms - 139[39m
[35m[HTTP][39m [90m[39m
[35m[HTTP][39m [37m-->[39m [37mGET[39m [37m/wd/hub/session/7afec7c5-6fd1-4d4f-a75e-48283f168709/window/rect[39m
[35m[HTTP][39m [90m{}[39m
[35m[HTTP][39m [37m<-- GET /wd/hub/session/7afec7c5-6fd1-4d4f-a75e-48283f168709/window/rect [39m[32m200[39m [90m23 ms - 49[39m
[35m[HTTP][39m [90m[39m
[35m[HTTP][39m [37m-->[39m [37mPOST[39m [37m/wd/hub/session/7afec7c5-6fd1-4d4f-a75e-48283f168709/elements[39m
[35m[HTTP][39m [90m{"using":"xpath","value":"//*[@class = 'android.widget.EditText' and @resource-id = 'com.socialnmobile.dictapps.notepad.color.note:id/edit_note' and (@text = '' or . = '')]"}[39m
[35m[HTTP][39m [37m<-- POST /wd/hub/session/7afec7c5-6fd1-4d4f-a75e-48283f168709/elements [39m[32m200[39m [90m677 ms - 139[39m
[35m[HTTP][39m [90m[39m
[35m[HTTP][39m [37m-->[39m [37mGET[39m [37m/wd/hub/session/7afec7c5-6fd1-4d4f-a75e-48283f168709/element/00000000-0000-1243-ffff-ffff0000010d/location[39m
[35m[HTTP][39m [90m{}[39m
[35m[W3C (7afec7c5)][39m Driver proxy active, passing request on via HTTP proxy
[35m[WD Proxy][39m Replacing sessionId 270e2190-bf9d-468b-ae5a-15c60910ed06 with 7afec7c5-6fd1-4d4f-a75e-48283f168709
[35m[HTTP][39m [37m<-- GET /wd/hub/session/7afec7c5-6fd1-4d4f-a75e-48283f168709/element/00000000-0000-1243-ffff-ffff0000010d/location [39m[32m200[39m [90m52 ms - 76[39m
[35m[HTTP][39m [90m[39m
[35m[HTTP][39m [37m-->[39m [37mPOST[39m [37m/wd/hub/session/7afec7c5-6fd1-4d4f-a75e-48283f168709/element/00000000-0000-1243-ffff-ffff0000010d/clear[39m
[35m[HTTP][39m [90m{"id":"00000000-0000-1243-ffff-ffff0000010d"}[39m
[35m[HTTP][39m [37m<-- POST /wd/hub/session/7afec7c5-6fd1-4d4f-a75e-48283f168709/element/00000000-0000-1243-ffff-ffff0000010d/clear [39m[32m200[39m [90m59 ms - 14[39m
[35m[HTTP][39m [90m[39m
[35m[HTTP][39m [37m-->[39m [37mPOST[39m [37m/wd/hub/session/7afec7c5-6fd1-4d4f-a75e-48283f168709/element/00000000-0000-1243-ffff-ffff0000010d/value[39m
[35m[HTTP][39m [90m{"id":"00000000-0000-1243-ffff-ffff0000010d","text":"New","value":["N","e","w"]}[39m
[35m[HTTP][39m [37m<-- POST /wd/hub/session/7afec7c5-6fd1-4d4f-a75e-48283f168709/element/00000000-0000-1243-ffff-ffff0000010d/value [39m[32m200[39m [90m550 ms - 14[39m
[35m[HTTP][39m [90m[39m
[35m[HTTP][39m [37m-->[39m [37mGET[39m [37m/wd/hub/session/7afec7c5-6fd1-4d4f-a75e-48283f168709/source[39m
[35m[HTTP][39m [90m{}[39m
[35m[W3C (7afec7c5)][39m Driver proxy active, passing request on via HTTP proxy
[35m[WD Proxy][39m Replacing sessionId 270e2190-bf9d-468b-ae5a-15c60910ed06 with 7afec7c5-6fd1-4d4f-a75e-48283f168709
[35m[HTTP][39m [37m<-- GET /wd/hub/session/7afec7c5-6fd1-4d4f-a75e-48283f168709/source [39m[32m200[39m [90m194 ms - 14585[39m
[35m[HTTP][39m [90m[39m
[35m[HTTP][39m [37m-->[39m [37mGET[39m [37m/wd/hub/session/7afec7c5-6fd1-4d4f-a75e-48283f168709/screenshot[39m
[35m[HTTP][39m [90m{}[39m
[35m[HTTP][39m [37m<-- GET /wd/hub/session/7afec7c5-6fd1-4d4f-a75e-48283f168709/screenshot [39m[32m200[39m [90m641 ms - 137526[39m
[35m[HTTP][39m [90m[39m
[35m[HTTP][39m [37m-->[39m [37mPOST[39m [37m/wd/hub/session/7afec7c5-6fd1-4d4f-a75e-48283f168709/elements[39m
[35m[HTTP][39m [90m{"using":"xpath","value":"//*[@class = 'android.widget.ImageButton' and @resource-id = 'com.socialnmobile.dictapps.notepad.color.note:id/menu_btn' and (@text = '' or . = '')]"}[39m
[35m[HTTP][39m [37m<-- POST /wd/hub/session/7afec7c5-6fd1-4d4f-a75e-48283f168709/elements [39m[32m200[39m [90m128 ms - 139[39m
[35m[HTTP][39m [90m[39m
[35m[HTTP][39m [37m-->[39m [37mGET[39m [37m/wd/hub/session/7afec7c5-6fd1-4d4f-a75e-48283f168709/window/rect[39m
[35m[HTTP][39m [90m{}[39m
[35m[HTTP][39m [37m<-- GET /wd/hub/session/7afec7c5-6fd1-4d4f-a75e-48283f168709/window/rect [39m[32m200[39m [90m12 ms - 49[39m
[35m[HTTP][39m [90m[39m
[35m[HTTP][39m [37m-->[39m [37mPOST[39m [37m/wd/hub/session/7afec7c5-6fd1-4d4f-a75e-48283f168709/elements[39m
[35m[HTTP][39m [90m{"using":"xpath","value":"//*[@class = 'android.widget.ImageButton' and @resource-id = 'com.socialnmobile.dictapps.notepad.color.note:id/menu_btn' and (@text = '' or . = '')]"}[39m
[35m[HTTP][39m [37m<-- POST /wd/hub/session/7afec7c5-6fd1-4d4f-a75e-48283f168709/elements [39m[32m200[39m [90m203 ms - 139[39m
[35m[HTTP][39m [90m[39m
[35m[HTTP][39m [37m-->[39m [37mGET[39m [37m/wd/hub/session/7afec7c5-6fd1-4d4f-a75e-48283f168709/element/00000000-0000-1243-ffff-ffff000000ff/location[39m
[35m[HTTP][39m [90m{}[39m
[35m[W3C (7afec7c5)][39m Driver proxy active, passing request on via HTTP proxy
[35m[WD Proxy][39m Replacing sessionId 270e2190-bf9d-468b-ae5a-15c60910ed06 with 7afec7c5-6fd1-4d4f-a75e-48283f168709
[35m[HTTP][39m [37m<-- GET /wd/hub/session/7afec7c5-6fd1-4d4f-a75e-48283f168709/element/00000000-0000-1243-ffff-ffff000000ff/location [39m[32m200[39m [90m36 ms - 77[39m
[35m[HTTP][39m [90m[39m
[35m[HTTP][39m [37m-->[39m [37mPOST[39m [37m/wd/hub/session/7afec7c5-6fd1-4d4f-a75e-48283f168709/element/00000000-0000-1243-ffff-ffff000000ff/click[39m
[35m[HTTP][39m [90m{"id":"00000000-0000-1243-ffff-ffff000000ff"}[39m
[35m[HTTP][39m [37m<-- POST /wd/hub/session/7afec7c5-6fd1-4d4f-a75e-48283f168709/element/00000000-0000-1243-ffff-ffff000000ff/click [39m[32m200[39m [90m99 ms - 14[39m
[35m[HTTP][39m [90m[39m
[35m[HTTP][39m [37m-->[39m [37mGET[39m [37m/wd/hub/session/7afec7c5-6fd1-4d4f-a75e-48283f168709/source[39m
[35m[HTTP][39m [90m{}[39m
[35m[W3C (7afec7c5)][39m Driver proxy active, passing request on via HTTP proxy
[35m[WD Proxy][39m Replacing sessionId 270e2190-bf9d-468b-ae5a-15c60910ed06 with 7afec7c5-6fd1-4d4f-a75e-48283f168709
[35m[HTTP][39m [37m<-- GET /wd/hub/session/7afec7c5-6fd1-4d4f-a75e-48283f168709/source [39m[32m200[39m [90m361 ms - 12647[39m
[35m[HTTP][39m [90m[39m
[35m[HTTP][39m [37m-->[39m [37mGET[39m [37m/wd/hub/session/7afec7c5-6fd1-4d4f-a75e-48283f168709/screenshot[39m
[35m[HTTP][39m [90m{}[39m
[35m[HTTP][39m [37m<-- GET /wd/hub/session/7afec7c5-6fd1-4d4f-a75e-48283f168709/screenshot [39m[32m200[39m [90m645 ms - 158046[39m
[35m[HTTP][39m [90m[39m
[35m[HTTP][39m [37m-->[39m [37mPOST[39m [37m/wd/hub/session/7afec7c5-6fd1-4d4f-a75e-48283f168709/elements[39m
[35m[HTTP][39m [90m{"using":"xpath","value":"//*[@class = 'android.widget.TextView' and (@text = 'Revert' or . = 'Revert') and @resource-id = 'com.socialnmobile.dictapps.notepad.color.note:id/text']"}[39m
[35m[HTTP][39m [37m<-- POST /wd/hub/session/7afec7c5-6fd1-4d4f-a75e-48283f168709/elements [39m[32m200[39m [90m327 ms - 139[39m
[35m[HTTP][39m [90m[39m
[35m[HTTP][39m [37m-->[39m [37mGET[39m [37m/wd/hub/session/7afec7c5-6fd1-4d4f-a75e-48283f168709/window/rect[39m
[35m[HTTP][39m [90m{}[39m
[35m[HTTP][39m [37m<-- GET /wd/hub/session/7afec7c5-6fd1-4d4f-a75e-48283f168709/window/rect [39m[32m200[39m [90m23 ms - 49[39m
[35m[HTTP][39m [90m[39m
[35m[HTTP][39m [37m-->[39m [37mPOST[39m [37m/wd/hub/session/7afec7c5-6fd1-4d4f-a75e-48283f168709/elements[39m
[35m[HTTP][39m [90m{"using":"xpath","value":"//*[@class = 'android.widget.TextView' and (@text = 'Revert' or . = 'Revert') and @resource-id = 'com.socialnmobile.dictapps.notepad.color.note:id/text']"}[39m
[35m[HTTP][39m [37m<-- POST /wd/hub/session/7afec7c5-6fd1-4d4f-a75e-48283f168709/elements [39m[32m200[39m [90m274 ms - 139[39m
[35m[HTTP][39m [90m[39m
[35m[HTTP][39m [37m-->[39m [37mGET[39m [37m/wd/hub/session/7afec7c5-6fd1-4d4f-a75e-48283f168709/element/00000000-0000-1244-ffff-ffff0000011e/location[39m
[35m[HTTP][39m [90m{}[39m
[35m[W3C (7afec7c5)][39m Driver proxy active, passing request on via HTTP proxy
[35m[WD Proxy][39m Replacing sessionId 270e2190-bf9d-468b-ae5a-15c60910ed06 with 7afec7c5-6fd1-4d4f-a75e-48283f168709
[35m[HTTP][39m [37m<-- GET /wd/hub/session/7afec7c5-6fd1-4d4f-a75e-48283f168709/element/00000000-0000-1244-ffff-ffff0000011e/location [39m[32m200[39m [90m44 ms - 77[39m
[35m[HTTP][39m [90m[39m
[35m[HTTP][39m [37m-->[39m [37mPOST[39m [37m/wd/hub/session/7afec7c5-6fd1-4d4f-a75e-48283f168709/element/00000000-0000-1244-ffff-ffff0000011e/click[39m
[35m[HTTP][39m [90m{"id":"00000000-0000-1244-ffff-ffff0000011e"}[39m
[35m[HTTP][39m [37m<-- POST /wd/hub/session/7afec7c5-6fd1-4d4f-a75e-48283f168709/element/00000000-0000-1244-ffff-ffff0000011e/click [39m[32m200[39m [90m751 ms - 14[39m
[35m[HTTP][39m [90m[39m
[35m[HTTP][39m [37m-->[39m [37mGET[39m [37m/wd/hub/session/7afec7c5-6fd1-4d4f-a75e-48283f168709/source[39m
[35m[HTTP][39m [90m{}[39m
[35m[W3C (7afec7c5)][39m Driver proxy active, passing request on via HTTP proxy
[35m[WD Proxy][39m Replacing sessionId 270e2190-bf9d-468b-ae5a-15c60910ed06 with 7afec7c5-6fd1-4d4f-a75e-48283f168709
[35m[HTTP][39m [37m<-- GET /wd/hub/session/7afec7c5-6fd1-4d4f-a75e-48283f168709/source [39m[32m200[39m [90m111 ms - 9049[39m
[35m[HTTP][39m [90m[39m
[35m[HTTP][39m [37m-->[39m [37mGET[39m [37m/wd/hub/session/7afec7c5-6fd1-4d4f-a75e-48283f168709/screenshot[39m
[35m[HTTP][39m [90m{}[39m
[35m[HTTP][39m [37m<-- GET /wd/hub/session/7afec7c5-6fd1-4d4f-a75e-48283f168709/screenshot [39m[32m200[39m [90m885 ms - 146164[39m
[35m[HTTP][39m [90m[39m
[35m[HTTP][39m [37m-->[39m [37mPOST[39m [37m/wd/hub/session/7afec7c5-6fd1-4d4f-a75e-48283f168709/elements[39m
[35m[HTTP][39m [90m{"using":"xpath","value":"//*[@class = 'android.widget.Button' and (@text = 'OK' or . = 'OK') and @resource-id = 'android:id/button1']"}[39m
[35m[HTTP][39m [37m<-- POST /wd/hub/session/7afec7c5-6fd1-4d4f-a75e-48283f168709/elements [39m[32m200[39m [90m278 ms - 139[39m
[35m[HTTP][39m [90m[39m
[35m[HTTP][39m [37m-->[39m [37mGET[39m [37m/wd/hub/session/7afec7c5-6fd1-4d4f-a75e-48283f168709/window/rect[39m
[35m[HTTP][39m [90m{}[39m
[35m[HTTP][39m [37m<-- GET /wd/hub/session/7afec7c5-6fd1-4d4f-a75e-48283f168709/window/rect [39m[32m200[39m [90m26 ms - 49[39m
[35m[HTTP][39m [90m[39m
[35m[HTTP][39m [37m-->[39m [37mPOST[39m [37m/wd/hub/session/7afec7c5-6fd1-4d4f-a75e-48283f168709/elements[39m
[35m[HTTP][39m [90m{"using":"xpath","value":"//*[@class = 'android.widget.Button' and (@text = 'OK' or . = 'OK') and @resource-id = 'android:id/button1']"}[39m
[35m[HTTP][39m [37m<-- POST /wd/hub/session/7afec7c5-6fd1-4d4f-a75e-48283f168709/elements [39m[32m200[39m [90m177 ms - 139[39m
[35m[HTTP][39m [90m[39m
[35m[HTTP][39m [37m-->[39m [37mGET[39m [37m/wd/hub/session/7afec7c5-6fd1-4d4f-a75e-48283f168709/element/00000000-0000-1245-ffff-ffff0000014b/location[39m
[35m[HTTP][39m [90m{}[39m
[35m[W3C (7afec7c5)][39m Driver proxy active, passing request on via HTTP proxy
[35m[WD Proxy][39m Replacing sessionId 270e2190-bf9d-468b-ae5a-15c60910ed06 with 7afec7c5-6fd1-4d4f-a75e-48283f168709
[35m[HTTP][39m [37m<-- GET /wd/hub/session/7afec7c5-6fd1-4d4f-a75e-48283f168709/element/00000000-0000-1245-ffff-ffff0000014b/location [39m[32m200[39m [90m39 ms - 78[39m
[35m[HTTP][39m [90m[39m
[35m[HTTP][39m [37m-->[39m [37mPOST[39m [37m/wd/hub/session/7afec7c5-6fd1-4d4f-a75e-48283f168709/element/00000000-0000-1245-ffff-ffff0000014b/click[39m
[35m[HTTP][39m [90m{"id":"00000000-0000-1245-ffff-ffff0000014b"}[39m
[35m[HTTP][39m [37m<-- POST /wd/hub/session/7afec7c5-6fd1-4d4f-a75e-48283f168709/element/00000000-0000-1245-ffff-ffff0000014b/click [39m[32m200[39m [90m89 ms - 14[39m
[35m[HTTP][39m [90m[39m
[35m[HTTP][39m [37m-->[39m [37mGET[39m [37m/wd/hub/session/7afec7c5-6fd1-4d4f-a75e-48283f168709/source[39m
[35m[HTTP][39m [90m{}[39m
[35m[W3C (7afec7c5)][39m Driver proxy active, passing request on via HTTP proxy
[35m[WD Proxy][39m Replacing sessionId 270e2190-bf9d-468b-ae5a-15c60910ed06 with 7afec7c5-6fd1-4d4f-a75e-48283f168709
[35m[HTTP][39m [37m<-- GET /wd/hub/session/7afec7c5-6fd1-4d4f-a75e-48283f168709/source [39m[32m200[39m [90m366 ms - 11285[39m
[35m[HTTP][39m [90m[39m
[35m[HTTP][39m [37m-->[39m [37mGET[39m [37m/wd/hub/session/7afec7c5-6fd1-4d4f-a75e-48283f168709/screenshot[39m
[35m[HTTP][39m [90m{}[39m
[35m[HTTP][39m [37m<-- GET /wd/hub/session/7afec7c5-6fd1-4d4f-a75e-48283f168709/screenshot [39m[32m200[39m [90m1026 ms - 69182[39m
[35m[HTTP][39m [90m[39m
[35m[HTTP][39m [37m-->[39m [37mGET[39m [37m/wd/hub/session/7afec7c5-6fd1-4d4f-a75e-48283f168709/context[39m
[35m[HTTP][39m [90m{}[39m
[35m[HTTP][39m [37m<-- GET /wd/hub/session/7afec7c5-6fd1-4d4f-a75e-48283f168709/context [39m[32m200[39m [90m1 ms - 22[39m
[35m[HTTP][39m [90m[39m
[35m[HTTP][39m [37m-->[39m [37mGET[39m [37m/wd/hub/session/7afec7c5-6fd1-4d4f-a75e-48283f168709/contexts[39m
[35m[HTTP][39m [90m{}[39m
[35m[HTTP][39m [37m<-- GET /wd/hub/session/7afec7c5-6fd1-4d4f-a75e-48283f168709/contexts [39m[32m200[39m [90m105 ms - 24[39m
[35m[HTTP][39m [90m[39m
[35m[HTTP][39m [37m-->[39m [37mPOST[39m [37m/wd/hub/session/7afec7c5-6fd1-4d4f-a75e-48283f168709/context[39m
[35m[HTTP][39m [90m{"name":"NATIVE_APP"}[39m
[35m[HTTP][39m [37m<-- POST /wd/hub/session/7afec7c5-6fd1-4d4f-a75e-48283f168709/context [39m[32m200[39m [90m1 ms - 14[39m
[35m[HTTP][39m [90m[39m
[35m[HTTP][39m [37m-->[39m [37mPOST[39m [37m/wd/hub/session/7afec7c5-6fd1-4d4f-a75e-48283f168709/appium/device/press_keycode[39m
[35m[HTTP][39m [90m{"keycode":4}[39m
[35m[HTTP][39m [37m<-- POST /wd/hub/session/7afec7c5-6fd1-4d4f-a75e-48283f168709/appium/device/press_keycode [39m[32m200[39m [90m690 ms - 14[39m
[35m[HTTP][39m [90m[39m
[35m[HTTP][39m [37m-->[39m [37mPOST[39m [37m/wd/hub/session/7afec7c5-6fd1-4d4f-a75e-48283f168709/context[39m
[35m[HTTP][39m [90m{"name":"NATIVE_APP"}[39m
[35m[HTTP][39m [37m<-- POST /wd/hub/session/7afec7c5-6fd1-4d4f-a75e-48283f168709/context [39m[32m200[39m [90m3 ms - 14[39m
[35m[HTTP][39m [90m[39m
[35m[HTTP][39m [37m-->[39m [37mGET[39m [37m/wd/hub/session/7afec7c5-6fd1-4d4f-a75e-48283f168709/source[39m
[35m[HTTP][39m [90m{}[39m
[35m[W3C (7afec7c5)][39m Driver proxy active, passing request on via HTTP proxy
[35m[WD Proxy][39m Replacing sessionId 270e2190-bf9d-468b-ae5a-15c60910ed06 with 7afec7c5-6fd1-4d4f-a75e-48283f168709
[35m[HTTP][39m [37m<-- GET /wd/hub/session/7afec7c5-6fd1-4d4f-a75e-48283f168709/source [39m[32m200[39m [90m562 ms - 46603[39m
[35m[HTTP][39m [90m[39m
[35m[HTTP][39m [37m-->[39m [37mGET[39m [37m/wd/hub/session/7afec7c5-6fd1-4d4f-a75e-48283f168709/screenshot[39m
[35m[HTTP][39m [90m{}[39m
[35m[HTTP][39m [37m<-- GET /wd/hub/session/7afec7c5-6fd1-4d4f-a75e-48283f168709/screenshot [39m[32m200[39m [90m561 ms - 211770[39m
[35m[HTTP][39m [90m[39m
[35m[HTTP][39m [37m-->[39m [37mGET[39m [37m/wd/hub/session/7afec7c5-6fd1-4d4f-a75e-48283f168709/context[39m
[35m[HTTP][39m [90m{}[39m
[35m[HTTP][39m [37m<-- GET /wd/hub/session/7afec7c5-6fd1-4d4f-a75e-48283f168709/context [39m[32m200[39m [90m1 ms - 22[39m
[35m[HTTP][39m [90m[39m
[35m[HTTP][39m [37m-->[39m [37mGET[39m [37m/wd/hub/session/7afec7c5-6fd1-4d4f-a75e-48283f168709/contexts[39m
[35m[HTTP][39m [90m{}[39m
[35m[HTTP][39m [37m<-- GET /wd/hub/session/7afec7c5-6fd1-4d4f-a75e-48283f168709/contexts [39m[32m200[39m [90m110 ms - 24[39m
[35m[HTTP][39m [90m[39m
[35m[HTTP][39m [37m-->[39m [37mPOST[39m [37m/wd/hub/session/7afec7c5-6fd1-4d4f-a75e-48283f168709/context[39m
[35m[HTTP][39m [90m{"name":"NATIVE_APP"}[39m
[35m[HTTP][39m [37m<-- POST /wd/hub/session/7afec7c5-6fd1-4d4f-a75e-48283f168709/context [39m[32m200[39m [90m1 ms - 14[39m
[35m[HTTP][39m [90m[39m
[35m[HTTP][39m [37m-->[39m [37mPOST[39m [37m/wd/hub/session/7afec7c5-6fd1-4d4f-a75e-48283f168709/appium/device/press_keycode[39m
[35m[HTTP][39m [90m{"keycode":4}[39m
[35m[HTTP][39m [37m<-- POST /wd/hub/session/7afec7c5-6fd1-4d4f-a75e-48283f168709/appium/device/press_keycode [39m[32m200[39m [90m1064 ms - 14[39m
[35m[HTTP][39m [90m[39m
[35m[HTTP][39m [37m-->[39m [37mPOST[39m [37m/wd/hub/session/7afec7c5-6fd1-4d4f-a75e-48283f168709/context[39m
[35m[HTTP][39m [90m{"name":"NATIVE_APP"}[39m
[35m[HTTP][39m [37m<-- POST /wd/hub/session/7afec7c5-6fd1-4d4f-a75e-48283f168709/context [39m[32m200[39m [90m3 ms - 14[39m
[35m[HTTP][39m [90m[39m
[35m[HTTP][39m [37m-->[39m [37mGET[39m [37m/wd/hub/session/7afec7c5-6fd1-4d4f-a75e-48283f168709/source[39m
[35m[HTTP][39m [90m{}[39m
[35m[W3C (7afec7c5)][39m Driver proxy active, passing request on via HTTP proxy
[35m[WD Proxy][39m Replacing sessionId 270e2190-bf9d-468b-ae5a-15c60910ed06 with 7afec7c5-6fd1-4d4f-a75e-48283f168709
[35m[HTTP][39m [37m<-- GET /wd/hub/session/7afec7c5-6fd1-4d4f-a75e-48283f168709/source [39m[32m200[39m [90m685 ms - 44578[39m
[35m[HTTP][39m [90m[39m
[35m[HTTP][39m [37m-->[39m [37mGET[39m [37m/wd/hub/session/7afec7c5-6fd1-4d4f-a75e-48283f168709/screenshot[39m
[35m[HTTP][39m [90m{}[39m
[35m[HTTP][39m [37m<-- GET /wd/hub/session/7afec7c5-6fd1-4d4f-a75e-48283f168709/screenshot [39m[32m200[39m [90m509 ms - 135976[39m
[35m[HTTP][39m [90m[39m
[35m[HTTP][39m [37m-->[39m [37mDELETE[39m [37m/wd/hub/session/7afec7c5-6fd1-4d4f-a75e-48283f168709[39m
[35m[HTTP][39m [90m{}[39m
[35m[Appium][39m Removing session 7afec7c5-6fd1-4d4f-a75e-48283f168709 from our master session list
[35m[UiAutomator2][39m Restoring hidden api policy to the device default configuration
[35m[HTTP][39m [37m<-- DELETE /wd/hub/session/7afec7c5-6fd1-4d4f-a75e-48283f168709 [39m[32m200[39m [90m410 ms - 14[39m
[35m[HTTP][39m [90m[39m
